{"D:\\SKAARVI\\skaarvi-reseller\\backend\\services\\manufacturerOrderEmailService.js": {"path":"D:\\SKAARVI\\skaarvi-reseller\\backend\\services\\manufacturerOrderEmailService.js","statementMap":{"0":{"start":{"line":1,"column":23},"end":{"line":1,"column":43}},"1":{"start":{"line":2,"column":22},"end":{"line":2,"column":47}},"2":{"start":{"line":4,"column":16},"end":{"line":8,"column":20}},"3":{"start":{"line":10,"column":19},"end":{"line":15,"column":28}},"4":{"start":{"line":10,"column":30},"end":{"line":15,"column":28}},"5":{"start":{"line":17,"column":21},"end":{"line":20,"column":2}},"6":{"start":{"line":17,"column":32},"end":{"line":20,"column":2}},"7":{"start":{"line":22,"column":38},"end":{"line":68,"column":1}},"8":{"start":{"line":23,"column":18},"end":{"line":28,"column":3}},"9":{"start":{"line":29,"column":2},"end":{"line":29,"column":24}},"10":{"start":{"line":29,"column":14},"end":{"line":29,"column":24}},"11":{"start":{"line":31,"column":16},"end":{"line":50,"column":3}},"12":{"start":{"line":52,"column":19},"end":{"line":52,"column":28}},"13":{"start":{"line":53,"column":2},"end":{"line":65,"column":3}},"14":{"start":{"line":54,"column":4},"end":{"line":63,"column":5}},"15":{"start":{"line":55,"column":6},"end":{"line":62,"column":9}},"16":{"start":{"line":64,"column":4},"end":{"line":64,"column":56}},"17":{"start":{"line":67,"column":2},"end":{"line":67,"column":32}},"18":{"start":{"line":70,"column":20},"end":{"line":81,"column":11}},"19":{"start":{"line":70,"column":31},"end":{"line":81,"column":11}},"20":{"start":{"line":71,"column":18},"end":{"line":71,"column":87}},"21":{"start":{"line":72,"column":2},"end":{"line":80,"column":9}},"22":{"start":{"line":83,"column":39},"end":{"line":125,"column":1}},"23":{"start":{"line":84,"column":19},"end":{"line":84,"column":74}},"24":{"start":{"line":85,"column":18},"end":{"line":85,"column":20}},"25":{"start":{"line":87,"column":2},"end":{"line":122,"column":3}},"26":{"start":{"line":88,"column":4},"end":{"line":88,"column":33}},"27":{"start":{"line":88,"column":24},"end":{"line":88,"column":33}},"28":{"start":{"line":89,"column":21},"end":{"line":89,"column":97}},"29":{"start":{"line":89,"column":59},"end":{"line":89,"column":93}},"30":{"start":{"line":90,"column":18},"end":{"line":90,"column":101}},"31":{"start":{"line":90,"column":54},"end":{"line":90,"column":97}},"32":{"start":{"line":91,"column":21},"end":{"line":91,"column":84}},"33":{"start":{"line":93,"column":4},"end":{"line":121,"column":5}},"34":{"start":{"line":94,"column":21},"end":{"line":116,"column":8}},"35":{"start":{"line":117,"column":6},"end":{"line":117,"column":89}},"36":{"start":{"line":119,"column":6},"end":{"line":119,"column":97}},"37":{"start":{"line":120,"column":6},"end":{"line":120,"column":101}},"38":{"start":{"line":124,"column":2},"end":{"line":124,"column":31}},"39":{"start":{"line":127,"column":0},"end":{"line":130,"column":2}}},"fnMap":{"0":{"name":"(anonymous_0)","decl":{"start":{"line":10,"column":19},"end":{"line":10,"column":20}},"loc":{"start":{"line":10,"column":30},"end":{"line":15,"column":28}},"line":10},"1":{"name":"(anonymous_1)","decl":{"start":{"line":17,"column":21},"end":{"line":17,"column":22}},"loc":{"start":{"line":17,"column":32},"end":{"line":20,"column":2}},"line":17},"2":{"name":"(anonymous_2)","decl":{"start":{"line":22,"column":38},"end":{"line":22,"column":39}},"loc":{"start":{"line":22,"column":68},"end":{"line":68,"column":1}},"line":22},"3":{"name":"(anonymous_3)","decl":{"start":{"line":70,"column":20},"end":{"line":70,"column":21}},"loc":{"start":{"line":70,"column":31},"end":{"line":81,"column":11}},"line":70},"4":{"name":"(anonymous_4)","decl":{"start":{"line":70,"column":41},"end":{"line":70,"column":42}},"loc":{"start":{"line":70,"column":51},"end":{"line":81,"column":1}},"line":70},"5":{"name":"(anonymous_5)","decl":{"start":{"line":83,"column":39},"end":{"line":83,"column":40}},"loc":{"start":{"line":83,"column":73},"end":{"line":125,"column":1}},"line":83},"6":{"name":"(anonymous_6)","decl":{"start":{"line":89,"column":42},"end":{"line":89,"column":43}},"loc":{"start":{"line":89,"column":59},"end":{"line":89,"column":93}},"line":89},"7":{"name":"(anonymous_7)","decl":{"start":{"line":90,"column":39},"end":{"line":90,"column":40}},"loc":{"start":{"line":90,"column":54},"end":{"line":90,"column":97}},"line":90}},"branchMap":{"0":{"loc":{"start":{"line":5,"column":2},"end":{"line":7,"column":95}},"type":"binary-expr","locations":[{"start":{"line":5,"column":2},"end":{"line":5,"column":26}},{"start":{"line":6,"column":5},"end":{"line":6,"column":36}},{"start":{"line":7,"column":6},"end":{"line":7,"column":94}}],"line":5},"1":{"loc":{"start":{"line":7,"column":6},"end":{"line":7,"column":94}},"type":"cond-expr","locations":[{"start":{"line":7,"column":46},"end":{"line":7,"column":68}},{"start":{"line":7,"column":71},"end":{"line":7,"column":94}}],"line":7},"2":{"loc":{"start":{"line":10,"column":37},"end":{"line":10,"column":48}},"type":"binary-expr","locations":[{"start":{"line":10,"column":37},"end":{"line":10,"column":42}},{"start":{"line":10,"column":46},"end":{"line":10,"column":48}}],"line":10},"3":{"loc":{"start":{"line":17,"column":39},"end":{"line":17,"column":49}},"type":"binary-expr","locations":[{"start":{"line":17,"column":39},"end":{"line":17,"column":44}},{"start":{"line":17,"column":48},"end":{"line":17,"column":49}}],"line":17},"4":{"loc":{"start":{"line":29,"column":2},"end":{"line":29,"column":24}},"type":"if","locations":[{"start":{"line":29,"column":2},"end":{"line":29,"column":24}},{"start":{},"end":{}}],"line":29},"5":{"loc":{"start":{"line":54,"column":4},"end":{"line":63,"column":5}},"type":"if","locations":[{"start":{"line":54,"column":4},"end":{"line":63,"column":5}},{"start":{},"end":{}}],"line":54},"6":{"loc":{"start":{"line":75,"column":8},"end":{"line":75,"column":119}},"type":"cond-expr","locations":[{"start":{"line":75,"column":27},"end":{"line":75,"column":114}},{"start":{"line":75,"column":117},"end":{"line":75,"column":119}}],"line":75},"7":{"loc":{"start":{"line":76,"column":8},"end":{"line":76,"column":96}},"type":"cond-expr","locations":[{"start":{"line":76,"column":18},"end":{"line":76,"column":91}},{"start":{"line":76,"column":94},"end":{"line":76,"column":96}}],"line":76},"8":{"loc":{"start":{"line":88,"column":4},"end":{"line":88,"column":33}},"type":"if","locations":[{"start":{"line":88,"column":4},"end":{"line":88,"column":33}},{"start":{},"end":{}}],"line":88},"9":{"loc":{"start":{"line":89,"column":74},"end":{"line":89,"column":92}},"type":"binary-expr","locations":[{"start":{"line":89,"column":74},"end":{"line":89,"column":87}},{"start":{"line":89,"column":91},"end":{"line":89,"column":92}}],"line":89},"10":{"loc":{"start":{"line":90,"column":67},"end":{"line":90,"column":96}},"type":"binary-expr","locations":[{"start":{"line":90,"column":67},"end":{"line":90,"column":91}},{"start":{"line":90,"column":95},"end":{"line":90,"column":96}}],"line":90},"11":{"loc":{"start":{"line":104,"column":38},"end":{"line":104,"column":75}},"type":"binary-expr","locations":[{"start":{"line":104,"column":38},"end":{"line":104,"column":57}},{"start":{"line":104,"column":61},"end":{"line":104,"column":75}}],"line":104}},"s":{"0":1,"1":1,"2":1,"3":1,"4":28,"5":1,"6":12,"7":1,"8":2,"9":2,"10":0,"11":2,"12":2,"13":2,"14":4,"15":4,"16":4,"17":2,"18":1,"19":4,"20":4,"21":4,"22":1,"23":2,"24":2,"25":2,"26":4,"27":0,"28":4,"29":4,"30":4,"31":4,"32":4,"33":4,"34":4,"35":3,"36":1,"37":1,"38":2,"39":1},"f":{"0":28,"1":12,"2":2,"3":4,"4":4,"5":2,"6":4,"7":4},"b":{"0":[1,1,1],"1":[0,1],"2":[28,0],"3":[12,0],"4":[0,2],"5":[4,0],"6":[4,0],"7":[4,0],"8":[0,4],"9":[4,0],"10":[4,0],"11":[4,0]},"_coverageSchema":"1a1c01bbd47fc00a2c39e90264f33305004495a9","hash":"c88b1b668b3447a57ee9398a46ba1818227064e0"}
,"D:\\SKAARVI\\skaarvi-reseller\\backend\\services\\orderEmailService.js": {"path":"D:\\SKAARVI\\skaarvi-reseller\\backend\\services\\orderEmailService.js","statementMap":{"0":{"start":{"line":1,"column":23},"end":{"line":1,"column":43}},"1":{"start":{"line":2,"column":38},"end":{"line":2,"column":63}},"2":{"start":{"line":4,"column":24},"end":{"line":6,"column":27}},"3":{"start":{"line":7,"column":16},"end":{"line":9,"column":20}},"4":{"start":{"line":10,"column":22},"end":{"line":10,"column":38}},"5":{"start":{"line":12,"column":19},"end":{"line":17,"column":28}},"6":{"start":{"line":12,"column":30},"end":{"line":17,"column":28}},"7":{"start":{"line":19,"column":18},"end":{"line":30,"column":1}},"8":{"start":{"line":20,"column":2},"end":{"line":20,"column":24}},"9":{"start":{"line":20,"column":14},"end":{"line":20,"column":24}},"10":{"start":{"line":21,"column":2},"end":{"line":21,"column":71}},"11":{"start":{"line":21,"column":30},"end":{"line":21,"column":71}},"12":{"start":{"line":22,"column":2},"end":{"line":22,"column":46}},"13":{"start":{"line":22,"column":33},"end":{"line":22,"column":46}},"14":{"start":{"line":24,"column":2},"end":{"line":29,"column":3}},"15":{"start":{"line":25,"column":4},"end":{"line":25,"column":29}},"16":{"start":{"line":27,"column":4},"end":{"line":27,"column":83}},"17":{"start":{"line":28,"column":4},"end":{"line":28,"column":14}},"18":{"start":{"line":32,"column":21},"end":{"line":35,"column":2}},"19":{"start":{"line":32,"column":32},"end":{"line":35,"column":2}},"20":{"start":{"line":37,"column":19},"end":{"line":44,"column":1}},"21":{"start":{"line":38,"column":15},"end":{"line":38,"column":51}},"22":{"start":{"line":39,"column":2},"end":{"line":43,"column":5}},"23":{"start":{"line":46,"column":28},"end":{"line":54,"column":1}},"24":{"start":{"line":47,"column":17},"end":{"line":52,"column":3}},"25":{"start":{"line":53,"column":2},"end":{"line":53,"column":51}},"26":{"start":{"line":56,"column":24},"end":{"line":142,"column":1}},"27":{"start":{"line":57,"column":34},"end":{"line":57,"column":41}},"28":{"start":{"line":58,"column":22},"end":{"line":58,"column":40}},"29":{"start":{"line":59,"column":25},"end":{"line":59,"column":72}},"30":{"start":{"line":60,"column":25},"end":{"line":60,"column":72}},"31":{"start":{"line":61,"column":29},"end":{"line":61,"column":69}},"32":{"start":{"line":62,"column":22},"end":{"line":62,"column":53}},"33":{"start":{"line":63,"column":29},"end":{"line":63,"column":87}},"34":{"start":{"line":64,"column":30},"end":{"line":64,"column":75}},"35":{"start":{"line":65,"column":31},"end":{"line":65,"column":73}},"36":{"start":{"line":66,"column":32},"end":{"line":66,"column":76}},"37":{"start":{"line":68,"column":17},"end":{"line":139,"column":3}},"38":{"start":{"line":141,"column":2},"end":{"line":141,"column":23}},"39":{"start":{"line":144,"column":30},"end":{"line":186,"column":1}},"40":{"start":{"line":145,"column":18},"end":{"line":160,"column":3}},"41":{"start":{"line":162,"column":2},"end":{"line":162,"column":26}},"42":{"start":{"line":162,"column":14},"end":{"line":162,"column":26}},"43":{"start":{"line":164,"column":16},"end":{"line":173,"column":3}},"44":{"start":{"line":175,"column":26},"end":{"line":175,"column":59}},"45":{"start":{"line":177,"column":2},"end":{"line":185,"column":4}},"46":{"start":{"line":188,"column":24},"end":{"line":198,"column":11}},"47":{"start":{"line":188,"column":35},"end":{"line":198,"column":11}},"48":{"start":{"line":188,"column":55},"end":{"line":198,"column":1}},"49":{"start":{"line":200,"column":22},"end":{"line":206,"column":44}},"50":{"start":{"line":200,"column":35},"end":{"line":206,"column":44}},"51":{"start":{"line":208,"column":18},"end":{"line":275,"column":1}},"52":{"start":{"line":209,"column":44},"end":{"line":209,"column":51}},"53":{"start":{"line":210,"column":19},"end":{"line":210,"column":79}},"54":{"start":{"line":211,"column":18},"end":{"line":211,"column":48}},"55":{"start":{"line":213,"column":2},"end":{"line":274,"column":9}},"56":{"start":{"line":277,"column":18},"end":{"line":310,"column":1}},"57":{"start":{"line":278,"column":44},"end":{"line":278,"column":51}},"58":{"start":{"line":279,"column":20},"end":{"line":281,"column":14}},"59":{"start":{"line":280,"column":4},"end":{"line":280,"column":216}},"60":{"start":{"line":282,"column":18},"end":{"line":288,"column":30}},"61":{"start":{"line":290,"column":2},"end":{"line":309,"column":34}},"62":{"start":{"line":312,"column":32},"end":{"line":344,"column":1}},"63":{"start":{"line":313,"column":2},"end":{"line":343,"column":3}},"64":{"start":{"line":314,"column":20},"end":{"line":314,"column":67}},"65":{"start":{"line":315,"column":4},"end":{"line":318,"column":5}},"66":{"start":{"line":316,"column":6},"end":{"line":316,"column":92}},"67":{"start":{"line":317,"column":6},"end":{"line":317,"column":74}},"68":{"start":{"line":320,"column":4},"end":{"line":323,"column":5}},"69":{"start":{"line":321,"column":6},"end":{"line":321,"column":119}},"70":{"start":{"line":322,"column":6},"end":{"line":322,"column":72}},"71":{"start":{"line":325,"column":20},"end":{"line":325,"column":60}},"72":{"start":{"line":326,"column":4},"end":{"line":329,"column":5}},"73":{"start":{"line":327,"column":6},"end":{"line":327,"column":79}},"74":{"start":{"line":328,"column":6},"end":{"line":328,"column":76}},"75":{"start":{"line":331,"column":19},"end":{"line":336,"column":6}},"76":{"start":{"line":338,"column":4},"end":{"line":338,"column":87}},"77":{"start":{"line":339,"column":4},"end":{"line":339,"column":18}},"78":{"start":{"line":341,"column":4},"end":{"line":341,"column":102}},"79":{"start":{"line":342,"column":4},"end":{"line":342,"column":52}},"80":{"start":{"line":346,"column":0},"end":{"line":348,"column":2}}},"fnMap":{"0":{"name":"(anonymous_0)","decl":{"start":{"line":12,"column":19},"end":{"line":12,"column":20}},"loc":{"start":{"line":12,"column":30},"end":{"line":17,"column":28}},"line":12},"1":{"name":"(anonymous_1)","decl":{"start":{"line":19,"column":18},"end":{"line":19,"column":19}},"loc":{"start":{"line":19,"column":29},"end":{"line":30,"column":1}},"line":19},"2":{"name":"(anonymous_2)","decl":{"start":{"line":32,"column":21},"end":{"line":32,"column":22}},"loc":{"start":{"line":32,"column":32},"end":{"line":35,"column":2}},"line":32},"3":{"name":"(anonymous_3)","decl":{"start":{"line":37,"column":19},"end":{"line":37,"column":20}},"loc":{"start":{"line":37,"column":30},"end":{"line":44,"column":1}},"line":37},"4":{"name":"(anonymous_4)","decl":{"start":{"line":46,"column":28},"end":{"line":46,"column":29}},"loc":{"start":{"line":46,"column":39},"end":{"line":54,"column":1}},"line":46},"5":{"name":"(anonymous_5)","decl":{"start":{"line":56,"column":24},"end":{"line":56,"column":25}},"loc":{"start":{"line":56,"column":53},"end":{"line":142,"column":1}},"line":56},"6":{"name":"(anonymous_6)","decl":{"start":{"line":144,"column":30},"end":{"line":144,"column":31}},"loc":{"start":{"line":144,"column":60},"end":{"line":186,"column":1}},"line":144},"7":{"name":"(anonymous_7)","decl":{"start":{"line":188,"column":24},"end":{"line":188,"column":25}},"loc":{"start":{"line":188,"column":35},"end":{"line":198,"column":11}},"line":188},"8":{"name":"(anonymous_8)","decl":{"start":{"line":188,"column":45},"end":{"line":188,"column":46}},"loc":{"start":{"line":188,"column":55},"end":{"line":198,"column":1}},"line":188},"9":{"name":"(anonymous_9)","decl":{"start":{"line":200,"column":22},"end":{"line":200,"column":23}},"loc":{"start":{"line":200,"column":35},"end":{"line":206,"column":44}},"line":200},"10":{"name":"(anonymous_10)","decl":{"start":{"line":208,"column":18},"end":{"line":208,"column":19}},"loc":{"start":{"line":208,"column":40},"end":{"line":275,"column":1}},"line":208},"11":{"name":"(anonymous_11)","decl":{"start":{"line":277,"column":18},"end":{"line":277,"column":19}},"loc":{"start":{"line":277,"column":40},"end":{"line":310,"column":1}},"line":277},"12":{"name":"(anonymous_12)","decl":{"start":{"line":279,"column":30},"end":{"line":279,"column":31}},"loc":{"start":{"line":280,"column":4},"end":{"line":280,"column":216}},"line":280},"13":{"name":"(anonymous_13)","decl":{"start":{"line":312,"column":32},"end":{"line":312,"column":33}},"loc":{"start":{"line":312,"column":87},"end":{"line":344,"column":1}},"line":312}},"branchMap":{"0":{"loc":{"start":{"line":4,"column":24},"end":{"line":6,"column":27}},"type":"cond-expr","locations":[{"start":{"line":5,"column":4},"end":{"line":5,"column":26}},{"start":{"line":6,"column":4},"end":{"line":6,"column":27}}],"line":4},"1":{"loc":{"start":{"line":8,"column":2},"end":{"line":8,"column":80}},"type":"binary-expr","locations":[{"start":{"line":8,"column":2},"end":{"line":8,"column":26}},{"start":{"line":8,"column":30},"end":{"line":8,"column":61}},{"start":{"line":8,"column":65},"end":{"line":8,"column":80}}],"line":8},"2":{"loc":{"start":{"line":12,"column":37},"end":{"line":12,"column":48}},"type":"binary-expr","locations":[{"start":{"line":12,"column":37},"end":{"line":12,"column":42}},{"start":{"line":12,"column":46},"end":{"line":12,"column":48}}],"line":12},"3":{"loc":{"start":{"line":20,"column":2},"end":{"line":20,"column":24}},"type":"if","locations":[{"start":{"line":20,"column":2},"end":{"line":20,"column":24}},{"start":{},"end":{}}],"line":20},"4":{"loc":{"start":{"line":21,"column":2},"end":{"line":21,"column":71}},"type":"if","locations":[{"start":{"line":21,"column":2},"end":{"line":21,"column":71}},{"start":{},"end":{}}],"line":21},"5":{"loc":{"start":{"line":22,"column":2},"end":{"line":22,"column":46}},"type":"if","locations":[{"start":{"line":22,"column":2},"end":{"line":22,"column":46}},{"start":{},"end":{}}],"line":22},"6":{"loc":{"start":{"line":32,"column":39},"end":{"line":32,"column":49}},"type":"binary-expr","locations":[{"start":{"line":32,"column":39},"end":{"line":32,"column":44}},{"start":{"line":32,"column":48},"end":{"line":32,"column":49}}],"line":32},"7":{"loc":{"start":{"line":38,"column":15},"end":{"line":38,"column":51}},"type":"cond-expr","locations":[{"start":{"line":38,"column":23},"end":{"line":38,"column":38}},{"start":{"line":38,"column":41},"end":{"line":38,"column":51}}],"line":38},"8":{"loc":{"start":{"line":53,"column":9},"end":{"line":53,"column":50}},"type":"binary-expr","locations":[{"start":{"line":53,"column":9},"end":{"line":53,"column":22}},{"start":{"line":53,"column":26},"end":{"line":53,"column":31}},{"start":{"line":53,"column":35},"end":{"line":53,"column":50}}],"line":53},"9":{"loc":{"start":{"line":59,"column":25},"end":{"line":59,"column":72}},"type":"binary-expr","locations":[{"start":{"line":59,"column":25},"end":{"line":59,"column":47}},{"start":{"line":59,"column":51},"end":{"line":59,"column":72}}],"line":59},"10":{"loc":{"start":{"line":60,"column":25},"end":{"line":60,"column":72}},"type":"binary-expr","locations":[{"start":{"line":60,"column":25},"end":{"line":60,"column":47}},{"start":{"line":60,"column":51},"end":{"line":60,"column":72}}],"line":60},"11":{"loc":{"start":{"line":61,"column":29},"end":{"line":61,"column":69}},"type":"binary-expr","locations":[{"start":{"line":61,"column":29},"end":{"line":61,"column":43}},{"start":{"line":61,"column":47},"end":{"line":61,"column":69}}],"line":61},"12":{"loc":{"start":{"line":62,"column":22},"end":{"line":62,"column":53}},"type":"binary-expr","locations":[{"start":{"line":62,"column":22},"end":{"line":62,"column":35}},{"start":{"line":62,"column":39},"end":{"line":62,"column":53}}],"line":62},"13":{"loc":{"start":{"line":63,"column":29},"end":{"line":63,"column":87}},"type":"cond-expr","locations":[{"start":{"line":63,"column":50},"end":{"line":63,"column":82}},{"start":{"line":63,"column":85},"end":{"line":63,"column":87}}],"line":63},"14":{"loc":{"start":{"line":64,"column":30},"end":{"line":64,"column":75}},"type":"cond-expr","locations":[{"start":{"line":64,"column":44},"end":{"line":64,"column":70}},{"start":{"line":64,"column":73},"end":{"line":64,"column":75}}],"line":64},"15":{"loc":{"start":{"line":65,"column":31},"end":{"line":65,"column":73}},"type":"cond-expr","locations":[{"start":{"line":65,"column":45},"end":{"line":65,"column":68}},{"start":{"line":65,"column":71},"end":{"line":65,"column":73}}],"line":65},"16":{"loc":{"start":{"line":66,"column":32},"end":{"line":66,"column":76}},"type":"cond-expr","locations":[{"start":{"line":66,"column":46},"end":{"line":66,"column":71}},{"start":{"line":66,"column":74},"end":{"line":66,"column":76}}],"line":66},"17":{"loc":{"start":{"line":89,"column":15},"end":{"line":91,"column":73}},"type":"cond-expr","locations":[{"start":{"line":90,"column":10},"end":{"line":90,"column":70}},{"start":{"line":91,"column":10},"end":{"line":91,"column":73}}],"line":89},"18":{"loc":{"start":{"line":92,"column":12},"end":{"line":94,"column":78}},"type":"cond-expr","locations":[{"start":{"line":93,"column":10},"end":{"line":93,"column":46}},{"start":{"line":94,"column":10},"end":{"line":94,"column":78}}],"line":92},"19":{"loc":{"start":{"line":110,"column":12},"end":{"line":112,"column":57}},"type":"cond-expr","locations":[{"start":{"line":111,"column":10},"end":{"line":111,"column":117}},{"start":{"line":112,"column":10},"end":{"line":112,"column":57}}],"line":110},"20":{"loc":{"start":{"line":162,"column":2},"end":{"line":162,"column":26}},"type":"if","locations":[{"start":{"line":162,"column":2},"end":{"line":162,"column":26}},{"start":{},"end":{}}],"line":162},"21":{"loc":{"start":{"line":181,"column":26},"end":{"line":181,"column":77}},"type":"binary-expr","locations":[{"start":{"line":181,"column":26},"end":{"line":181,"column":47}},{"start":{"line":181,"column":51},"end":{"line":181,"column":71}},{"start":{"line":181,"column":75},"end":{"line":181,"column":77}}],"line":181},"22":{"loc":{"start":{"line":183,"column":6},"end":{"line":183,"column":96}},"type":"binary-expr","locations":[{"start":{"line":183,"column":6},"end":{"line":183,"column":30}},{"start":{"line":183,"column":34},"end":{"line":183,"column":59}},{"start":{"line":183,"column":63},"end":{"line":183,"column":82}},{"start":{"line":183,"column":86},"end":{"line":183,"column":96}}],"line":183},"23":{"loc":{"start":{"line":192,"column":8},"end":{"line":192,"column":134}},"type":"cond-expr","locations":[{"start":{"line":192,"column":27},"end":{"line":192,"column":129}},{"start":{"line":192,"column":132},"end":{"line":192,"column":134}}],"line":192},"24":{"loc":{"start":{"line":193,"column":8},"end":{"line":193,"column":209}},"type":"cond-expr","locations":[{"start":{"line":193,"column":54},"end":{"line":193,"column":204}},{"start":{"line":193,"column":207},"end":{"line":193,"column":209}}],"line":193},"25":{"loc":{"start":{"line":193,"column":9},"end":{"line":193,"column":50}},"type":"binary-expr","locations":[{"start":{"line":193,"column":9},"end":{"line":193,"column":28}},{"start":{"line":193,"column":32},"end":{"line":193,"column":50}}],"line":193},"26":{"loc":{"start":{"line":201,"column":2},"end":{"line":201,"column":39}},"type":"binary-expr","locations":[{"start":{"line":201,"column":2},"end":{"line":201,"column":18}},{"start":{"line":201,"column":22},"end":{"line":201,"column":39}}],"line":201},"27":{"loc":{"start":{"line":256,"column":114},"end":{"line":256,"column":154}},"type":"binary-expr","locations":[{"start":{"line":256,"column":114},"end":{"line":256,"column":132}},{"start":{"line":256,"column":136},"end":{"line":256,"column":154}}],"line":256},"28":{"loc":{"start":{"line":260,"column":12},"end":{"line":260,"column":194}},"type":"cond-expr","locations":[{"start":{"line":260,"column":22},"end":{"line":260,"column":189}},{"start":{"line":260,"column":192},"end":{"line":260,"column":194}}],"line":260},"29":{"loc":{"start":{"line":280,"column":29},"end":{"line":280,"column":157}},"type":"cond-expr","locations":[{"start":{"line":280,"column":75},"end":{"line":280,"column":152}},{"start":{"line":280,"column":155},"end":{"line":280,"column":157}}],"line":280},"30":{"loc":{"start":{"line":280,"column":30},"end":{"line":280,"column":71}},"type":"binary-expr","locations":[{"start":{"line":280,"column":30},"end":{"line":280,"column":49}},{"start":{"line":280,"column":53},"end":{"line":280,"column":71}}],"line":280},"31":{"loc":{"start":{"line":283,"column":4},"end":{"line":283,"column":57}},"type":"binary-expr","locations":[{"start":{"line":283,"column":4},"end":{"line":283,"column":28}},{"start":{"line":283,"column":32},"end":{"line":283,"column":57}}],"line":283},"32":{"loc":{"start":{"line":303,"column":32},"end":{"line":303,"column":72}},"type":"binary-expr","locations":[{"start":{"line":303,"column":32},"end":{"line":303,"column":50}},{"start":{"line":303,"column":54},"end":{"line":303,"column":72}}],"line":303},"33":{"loc":{"start":{"line":304,"column":2},"end":{"line":304,"column":49}},"type":"cond-expr","locations":[{"start":{"line":304,"column":12},"end":{"line":304,"column":44}},{"start":{"line":304,"column":47},"end":{"line":304,"column":49}}],"line":304},"34":{"loc":{"start":{"line":312,"column":68},"end":{"line":312,"column":80}},"type":"default-arg","locations":[{"start":{"line":312,"column":78},"end":{"line":312,"column":80}}],"line":312},"35":{"loc":{"start":{"line":315,"column":4},"end":{"line":318,"column":5}},"type":"if","locations":[{"start":{"line":315,"column":4},"end":{"line":318,"column":5}},{"start":{},"end":{}}],"line":315},"36":{"loc":{"start":{"line":320,"column":4},"end":{"line":323,"column":5}},"type":"if","locations":[{"start":{"line":320,"column":4},"end":{"line":323,"column":5}},{"start":{},"end":{}}],"line":320},"37":{"loc":{"start":{"line":326,"column":4},"end":{"line":329,"column":5}},"type":"if","locations":[{"start":{"line":326,"column":4},"end":{"line":329,"column":5}},{"start":{},"end":{}}],"line":326}},"s":{"0":1,"1":1,"2":1,"3":1,"4":1,"5":1,"6":186,"7":1,"8":11,"9":0,"10":11,"11":0,"12":11,"13":0,"14":11,"15":11,"16":0,"17":0,"18":1,"19":40,"20":1,"21":20,"22":20,"23":1,"24":20,"25":20,"26":1,"27":10,"28":10,"29":10,"30":10,"31":10,"32":10,"33":10,"34":10,"35":10,"36":10,"37":10,"38":10,"39":1,"40":11,"41":11,"42":0,"43":11,"44":11,"45":11,"46":1,"47":10,"48":10,"49":1,"50":10,"51":1,"52":10,"53":10,"54":10,"55":10,"56":1,"57":10,"58":10,"59":10,"60":10,"61":10,"62":1,"63":11,"64":11,"65":11,"66":0,"67":0,"68":11,"69":1,"70":1,"71":10,"72":10,"73":0,"74":0,"75":10,"76":9,"77":9,"78":1,"79":1,"80":1},"f":{"0":186,"1":11,"2":40,"3":20,"4":20,"5":10,"6":11,"7":10,"8":10,"9":10,"10":10,"11":10,"12":10,"13":11},"b":{"0":[0,1],"1":[1,1,1],"2":[186,0],"3":[0,11],"4":[0,11],"5":[0,11],"6":[40,0],"7":[20,0],"8":[20,0,0],"9":[10,9],"10":[10,9],"11":[10,4],"12":[10,4],"13":[6,4],"14":[6,4],"15":[6,4],"16":[6,4],"17":[1,9],"18":[1,9],"19":[0,10],"20":[0,11],"21":[11,2,1],"22":[11,0,0,0],"23":[10,0],"24":[0,10],"25":[10,10],"26":[10,0],"27":[10,0],"28":[10,0],"29":[0,10],"30":[10,10],"31":[10,0],"32":[10,0],"33":[10,0],"34":[4],"35":[0,11],"36":[1,10],"37":[0,10]},"_coverageSchema":"1a1c01bbd47fc00a2c39e90264f33305004495a9","hash":"09751325d89d1b7d8daac73c5e316d28dfa5d588"}
,"D:\\SKAARVI\\skaarvi-reseller\\backend\\services\\orderLifecycleNotificationService.js": {"path":"D:\\SKAARVI\\skaarvi-reseller\\backend\\services\\orderLifecycleNotificationService.js","statementMap":{"0":{"start":{"line":1,"column":23},"end":{"line":1,"column":43}},"1":{"start":{"line":2,"column":28},"end":{"line":2,"column":60}},"2":{"start":{"line":3,"column":36},"end":{"line":3,"column":66}},"3":{"start":{"line":7,"column":4},"end":{"line":7,"column":46}},"4":{"start":{"line":9,"column":24},"end":{"line":18,"column":1}},"5":{"start":{"line":20,"column":28},"end":{"line":25,"column":1}},"6":{"start":{"line":27,"column":26},"end":{"line":36,"column":1}},"7":{"start":{"line":28,"column":18},"end":{"line":34,"column":3}},"8":{"start":{"line":35,"column":2},"end":{"line":35,"column":15}},"9":{"start":{"line":38,"column":35},"end":{"line":60,"column":1}},"10":{"start":{"line":39,"column":23},"end":{"line":39,"column":45}},"11":{"start":{"line":40,"column":2},"end":{"line":40,"column":33}},"12":{"start":{"line":40,"column":21},"end":{"line":40,"column":33}},"13":{"start":{"line":41,"column":16},"end":{"line":41,"column":59}},"14":{"start":{"line":42,"column":2},"end":{"line":42,"column":44}},"15":{"start":{"line":42,"column":32},"end":{"line":42,"column":44}},"16":{"start":{"line":44,"column":41},"end":{"line":44,"column":53}},"17":{"start":{"line":45,"column":19},"end":{"line":45,"column":88}},"18":{"start":{"line":46,"column":17},"end":{"line":46,"column":59}},"19":{"start":{"line":47,"column":2},"end":{"line":59,"column":5}},"20":{"start":{"line":62,"column":40},"end":{"line":97,"column":1}},"21":{"start":{"line":63,"column":19},"end":{"line":63,"column":74}},"22":{"start":{"line":65,"column":2},"end":{"line":77,"column":3}},"23":{"start":{"line":66,"column":4},"end":{"line":76,"column":8}},"24":{"start":{"line":67,"column":25},"end":{"line":67,"column":101}},"25":{"start":{"line":67,"column":63},"end":{"line":67,"column":97}},"26":{"start":{"line":68,"column":26},"end":{"line":68,"column":113}},"27":{"start":{"line":68,"column":64},"end":{"line":68,"column":109}},"28":{"start":{"line":69,"column":6},"end":{"line":75,"column":9}},"29":{"start":{"line":79,"column":23},"end":{"line":79,"column":49}},"30":{"start":{"line":80,"column":2},"end":{"line":80,"column":31}},"31":{"start":{"line":80,"column":21},"end":{"line":80,"column":31}},"32":{"start":{"line":81,"column":37},"end":{"line":81,"column":49}},"33":{"start":{"line":82,"column":22},"end":{"line":82,"column":53}},"34":{"start":{"line":83,"column":28},"end":{"line":83,"column":64}},"35":{"start":{"line":84,"column":2},"end":{"line":96,"column":7}},"36":{"start":{"line":84,"column":47},"end":{"line":96,"column":4}},"37":{"start":{"line":99,"column":40},"end":{"line":116,"column":1}},"38":{"start":{"line":100,"column":16},"end":{"line":104,"column":3}},"39":{"start":{"line":105,"column":2},"end":{"line":107,"column":3}},"40":{"start":{"line":106,"column":4},"end":{"line":106,"column":71}},"41":{"start":{"line":109,"column":18},"end":{"line":109,"column":49}},"42":{"start":{"line":110,"column":2},"end":{"line":114,"column":5}},"43":{"start":{"line":111,"column":4},"end":{"line":113,"column":5}},"44":{"start":{"line":112,"column":6},"end":{"line":112,"column":112}},"45":{"start":{"line":115,"column":2},"end":{"line":115,"column":17}},"46":{"start":{"line":118,"column":0},"end":{"line":120,"column":2}}},"fnMap":{"0":{"name":"(anonymous_0)","decl":{"start":{"line":27,"column":26},"end":{"line":27,"column":27}},"loc":{"start":{"line":27,"column":56},"end":{"line":36,"column":1}},"line":27},"1":{"name":"(anonymous_1)","decl":{"start":{"line":38,"column":35},"end":{"line":38,"column":36}},"loc":{"start":{"line":38,"column":85},"end":{"line":60,"column":1}},"line":38},"2":{"name":"(anonymous_2)","decl":{"start":{"line":62,"column":40},"end":{"line":62,"column":41}},"loc":{"start":{"line":62,"column":90},"end":{"line":97,"column":1}},"line":62},"3":{"name":"(anonymous_3)","decl":{"start":{"line":66,"column":36},"end":{"line":66,"column":37}},"loc":{"start":{"line":66,"column":49},"end":{"line":76,"column":5}},"line":66},"4":{"name":"(anonymous_4)","decl":{"start":{"line":67,"column":46},"end":{"line":67,"column":47}},"loc":{"start":{"line":67,"column":63},"end":{"line":67,"column":97}},"line":67},"5":{"name":"(anonymous_5)","decl":{"start":{"line":68,"column":47},"end":{"line":68,"column":48}},"loc":{"start":{"line":68,"column":64},"end":{"line":68,"column":109}},"line":68},"6":{"name":"(anonymous_6)","decl":{"start":{"line":84,"column":34},"end":{"line":84,"column":35}},"loc":{"start":{"line":84,"column":47},"end":{"line":96,"column":4}},"line":84},"7":{"name":"(anonymous_7)","decl":{"start":{"line":99,"column":40},"end":{"line":99,"column":41}},"loc":{"start":{"line":99,"column":95},"end":{"line":116,"column":1}},"line":99},"8":{"name":"(anonymous_8)","decl":{"start":{"line":110,"column":18},"end":{"line":110,"column":19}},"loc":{"start":{"line":110,"column":30},"end":{"line":114,"column":3}},"line":110}},"branchMap":{"0":{"loc":{"start":{"line":40,"column":2},"end":{"line":40,"column":33}},"type":"if","locations":[{"start":{"line":40,"column":2},"end":{"line":40,"column":33}},{"start":{},"end":{}}],"line":40},"1":{"loc":{"start":{"line":42,"column":2},"end":{"line":42,"column":44}},"type":"if","locations":[{"start":{"line":42,"column":2},"end":{"line":42,"column":44}},{"start":{},"end":{}}],"line":42},"2":{"loc":{"start":{"line":45,"column":19},"end":{"line":45,"column":88}},"type":"cond-expr","locations":[{"start":{"line":45,"column":44},"end":{"line":45,"column":83}},{"start":{"line":45,"column":86},"end":{"line":45,"column":88}}],"line":45},"3":{"loc":{"start":{"line":46,"column":17},"end":{"line":46,"column":59}},"type":"cond-expr","locations":[{"start":{"line":46,"column":34},"end":{"line":46,"column":54}},{"start":{"line":46,"column":57},"end":{"line":46,"column":59}}],"line":46},"4":{"loc":{"start":{"line":65,"column":2},"end":{"line":77,"column":3}},"type":"if","locations":[{"start":{"line":65,"column":2},"end":{"line":77,"column":3}},{"start":{},"end":{}}],"line":65},"5":{"loc":{"start":{"line":67,"column":78},"end":{"line":67,"column":96}},"type":"binary-expr","locations":[{"start":{"line":67,"column":78},"end":{"line":67,"column":91}},{"start":{"line":67,"column":95},"end":{"line":67,"column":96}}],"line":67},"6":{"loc":{"start":{"line":68,"column":79},"end":{"line":68,"column":108}},"type":"binary-expr","locations":[{"start":{"line":68,"column":79},"end":{"line":68,"column":103}},{"start":{"line":68,"column":107},"end":{"line":68,"column":108}}],"line":68},"7":{"loc":{"start":{"line":80,"column":2},"end":{"line":80,"column":31}},"type":"if","locations":[{"start":{"line":80,"column":2},"end":{"line":80,"column":31}},{"start":{},"end":{}}],"line":80},"8":{"loc":{"start":{"line":82,"column":22},"end":{"line":82,"column":53}},"type":"binary-expr","locations":[{"start":{"line":82,"column":22},"end":{"line":82,"column":36}},{"start":{"line":82,"column":40},"end":{"line":82,"column":53}}],"line":82},"9":{"loc":{"start":{"line":83,"column":28},"end":{"line":83,"column":64}},"type":"cond-expr","locations":[{"start":{"line":83,"column":42},"end":{"line":83,"column":59}},{"start":{"line":83,"column":62},"end":{"line":83,"column":64}}],"line":83},"10":{"loc":{"start":{"line":99,"column":76},"end":{"line":99,"column":88}},"type":"default-arg","locations":[{"start":{"line":99,"column":86},"end":{"line":99,"column":88}}],"line":99},"11":{"loc":{"start":{"line":105,"column":2},"end":{"line":107,"column":3}},"type":"if","locations":[{"start":{"line":105,"column":2},"end":{"line":107,"column":3}},{"start":{},"end":{}}],"line":105},"12":{"loc":{"start":{"line":111,"column":4},"end":{"line":113,"column":5}},"type":"if","locations":[{"start":{"line":111,"column":4},"end":{"line":113,"column":5}},{"start":{},"end":{}}],"line":111},"13":{"loc":{"start":{"line":112,"column":71},"end":{"line":112,"column":110}},"type":"binary-expr","locations":[{"start":{"line":112,"column":71},"end":{"line":112,"column":93}},{"start":{"line":112,"column":97},"end":{"line":112,"column":110}}],"line":112}},"s":{"0":1,"1":1,"2":1,"3":1,"4":1,"5":1,"6":1,"7":3,"8":3,"9":1,"10":3,"11":3,"12":0,"13":3,"14":3,"15":0,"16":3,"17":3,"18":3,"19":3,"20":1,"21":3,"22":3,"23":1,"24":2,"25":3,"26":2,"27":3,"28":2,"29":2,"30":2,"31":2,"32":0,"33":0,"34":0,"35":0,"36":0,"37":1,"38":3,"39":3,"40":1,"41":3,"42":3,"43":10,"44":1,"45":3,"46":1},"f":{"0":3,"1":3,"2":3,"3":2,"4":3,"5":3,"6":0,"7":3,"8":10},"b":{"0":[0,3],"1":[0,3],"2":[1,2],"3":[0,3],"4":[1,2],"5":[3,0],"6":[3,0],"7":[2,0],"8":[0,0],"9":[0,0],"10":[2],"11":[1,2],"12":[1,9],"13":[1,0]},"_coverageSchema":"1a1c01bbd47fc00a2c39e90264f33305004495a9","hash":"5d90e94c76d639a46331c30b72be15062bf053e2"}
,"D:\\SKAARVI\\skaarvi-reseller\\backend\\utils\\productVariants.js": {"path":"D:\\SKAARVI\\skaarvi-reseller\\backend\\utils\\productVariants.js","statementMap":{"0":{"start":{"line":1,"column":37},"end":{"line":6,"column":2}},"1":{"start":{"line":8,"column":22},"end":{"line":8,"column":59}},"2":{"start":{"line":8,"column":33},"end":{"line":8,"column":59}},"3":{"start":{"line":9,"column":25},"end":{"line":11,"column":1}},"4":{"start":{"line":10,"column":2},"end":{"line":10,"column":113}},"5":{"start":{"line":13,"column":29},"end":{"line":70,"column":1}},"6":{"start":{"line":14,"column":2},"end":{"line":14,"column":50}},"7":{"start":{"line":14,"column":33},"end":{"line":14,"column":50}},"8":{"start":{"line":16,"column":17},"end":{"line":16,"column":28}},"9":{"start":{"line":17,"column":2},"end":{"line":23,"column":3}},"10":{"start":{"line":18,"column":4},"end":{"line":22,"column":5}},"11":{"start":{"line":19,"column":6},"end":{"line":19,"column":38}},"12":{"start":{"line":21,"column":6},"end":{"line":21,"column":61}},"13":{"start":{"line":25,"column":2},"end":{"line":27,"column":3}},"14":{"start":{"line":26,"column":4},"end":{"line":26,"column":57}},"15":{"start":{"line":28,"column":2},"end":{"line":30,"column":3}},"16":{"start":{"line":29,"column":4},"end":{"line":29,"column":68}},"17":{"start":{"line":32,"column":19},"end":{"line":32,"column":28}},"18":{"start":{"line":33,"column":29},"end":{"line":58,"column":4}},"19":{"start":{"line":34,"column":22},"end":{"line":34,"column":62}},"20":{"start":{"line":35,"column":22},"end":{"line":35,"column":62}},"21":{"start":{"line":36,"column":21},"end":{"line":36,"column":60}},"22":{"start":{"line":37,"column":26},"end":{"line":37,"column":75}},"23":{"start":{"line":38,"column":23},"end":{"line":38,"column":61}},"24":{"start":{"line":40,"column":4},"end":{"line":42,"column":5}},"25":{"start":{"line":41,"column":6},"end":{"line":41,"column":73}},"26":{"start":{"line":43,"column":4},"end":{"line":45,"column":5}},"27":{"start":{"line":44,"column":6},"end":{"line":44,"column":77}},"28":{"start":{"line":46,"column":4},"end":{"line":48,"column":5}},"29":{"start":{"line":47,"column":6},"end":{"line":47,"column":62}},"30":{"start":{"line":49,"column":4},"end":{"line":51,"column":5}},"31":{"start":{"line":50,"column":6},"end":{"line":50,"column":125}},"32":{"start":{"line":52,"column":4},"end":{"line":54,"column":5}},"33":{"start":{"line":53,"column":6},"end":{"line":53,"column":98}},"34":{"start":{"line":56,"column":4},"end":{"line":56,"column":29}},"35":{"start":{"line":57,"column":4},"end":{"line":57,"column":91}},"36":{"start":{"line":60,"column":20},"end":{"line":60,"column":75}},"37":{"start":{"line":60,"column":57},"end":{"line":60,"column":74}},"38":{"start":{"line":61,"column":21},"end":{"line":61,"column":76}},"39":{"start":{"line":61,"column":58},"end":{"line":61,"column":75}},"40":{"start":{"line":62,"column":2},"end":{"line":64,"column":3}},"41":{"start":{"line":62,"column":56},"end":{"line":62,"column":74}},"42":{"start":{"line":63,"column":4},"end":{"line":63,"column":88}},"43":{"start":{"line":65,"column":2},"end":{"line":67,"column":3}},"44":{"start":{"line":65,"column":57},"end":{"line":65,"column":75}},"45":{"start":{"line":66,"column":4},"end":{"line":66,"column":90}},"46":{"start":{"line":69,"column":2},"end":{"line":69,"column":28}},"47":{"start":{"line":72,"column":29},"end":{"line":74,"column":1}},"48":{"start":{"line":73,"column":2},"end":{"line":73,"column":71}},"49":{"start":{"line":73,"column":38},"end":{"line":73,"column":67}},"50":{"start":{"line":76,"column":30},"end":{"line":78,"column":1}},"51":{"start":{"line":77,"column":2},"end":{"line":77,"column":50}},"52":{"start":{"line":80,"column":32},"end":{"line":93,"column":1}},"53":{"start":{"line":81,"column":25},"end":{"line":81,"column":79}},"54":{"start":{"line":82,"column":26},"end":{"line":82,"column":81}},"55":{"start":{"line":83,"column":20},"end":{"line":83,"column":87}},"56":{"start":{"line":83,"column":47},"end":{"line":83,"column":86}},"57":{"start":{"line":84,"column":21},"end":{"line":84,"column":88}},"58":{"start":{"line":84,"column":48},"end":{"line":84,"column":87}},"59":{"start":{"line":85,"column":26},"end":{"line":90,"column":4}},"60":{"start":{"line":86,"column":24},"end":{"line":86,"column":105}},"61":{"start":{"line":87,"column":25},"end":{"line":87,"column":106}},"62":{"start":{"line":88,"column":4},"end":{"line":89,"column":59}},"63":{"start":{"line":92,"column":2},"end":{"line":92,"column":52}},"64":{"start":{"line":95,"column":23},"end":{"line":106,"column":1}},"65":{"start":{"line":96,"column":2},"end":{"line":96,"column":47}},"66":{"start":{"line":96,"column":30},"end":{"line":96,"column":47}},"67":{"start":{"line":97,"column":2},"end":{"line":97,"column":47}},"68":{"start":{"line":97,"column":31},"end":{"line":97,"column":47}},"69":{"start":{"line":99,"column":2},"end":{"line":105,"column":3}},"70":{"start":{"line":100,"column":24},"end":{"line":100,"column":44}},"71":{"start":{"line":101,"column":4},"end":{"line":101,"column":55}},"72":{"start":{"line":101,"column":37},"end":{"line":101,"column":55}},"73":{"start":{"line":102,"column":4},"end":{"line":102,"column":23}},"74":{"start":{"line":104,"column":4},"end":{"line":104,"column":63}},"75":{"start":{"line":108,"column":31},"end":{"line":115,"column":1}},"76":{"start":{"line":109,"column":2},"end":{"line":109,"column":53}},"77":{"start":{"line":109,"column":43},"end":{"line":109,"column":53}},"78":{"start":{"line":110,"column":20},"end":{"line":110,"column":48}},"79":{"start":{"line":111,"column":2},"end":{"line":113,"column":3}},"80":{"start":{"line":112,"column":4},"end":{"line":112,"column":76}},"81":{"start":{"line":114,"column":2},"end":{"line":114,"column":23}},"82":{"start":{"line":117,"column":31},"end":{"line":151,"column":1}},"83":{"start":{"line":118,"column":23},"end":{"line":118,"column":60}},"84":{"start":{"line":119,"column":2},"end":{"line":121,"column":3}},"85":{"start":{"line":120,"column":4},"end":{"line":120,"column":66}},"86":{"start":{"line":123,"column":2},"end":{"line":130,"column":3}},"87":{"start":{"line":124,"column":28},"end":{"line":124,"column":63}},"88":{"start":{"line":125,"column":20},"end":{"line":127,"column":5}},"89":{"start":{"line":126,"column":21},"end":{"line":126,"column":102}},"90":{"start":{"line":128,"column":4},"end":{"line":128,"column":102}},"91":{"start":{"line":128,"column":18},"end":{"line":128,"column":102}},"92":{"start":{"line":129,"column":4},"end":{"line":129,"column":87}},"93":{"start":{"line":132,"column":2},"end":{"line":139,"column":3}},"94":{"start":{"line":133,"column":27},"end":{"line":133,"column":61}},"95":{"start":{"line":134,"column":20},"end":{"line":136,"column":5}},"96":{"start":{"line":135,"column":21},"end":{"line":135,"column":101}},"97":{"start":{"line":137,"column":4},"end":{"line":137,"column":100}},"98":{"start":{"line":137,"column":18},"end":{"line":137,"column":100}},"99":{"start":{"line":138,"column":4},"end":{"line":138,"column":87}},"100":{"start":{"line":141,"column":18},"end":{"line":141,"column":85}},"101":{"start":{"line":141,"column":47},"end":{"line":141,"column":84}},"102":{"start":{"line":142,"column":2},"end":{"line":144,"column":3}},"103":{"start":{"line":143,"column":4},"end":{"line":143,"column":87}},"104":{"start":{"line":146,"column":2},"end":{"line":150,"column":4}},"105":{"start":{"line":153,"column":32},"end":{"line":171,"column":1}},"106":{"start":{"line":154,"column":24},"end":{"line":158,"column":10}},"107":{"start":{"line":159,"column":25},"end":{"line":159,"column":87}},"108":{"start":{"line":160,"column":30},"end":{"line":162,"column":4}},"109":{"start":{"line":161,"column":4},"end":{"line":161,"column":52}},"110":{"start":{"line":163,"column":27},"end":{"line":163,"column":91}},"111":{"start":{"line":165,"column":2},"end":{"line":170,"column":4}},"112":{"start":{"line":166,"column":55},"end":{"line":166,"column":74}},"113":{"start":{"line":173,"column":33},"end":{"line":186,"column":1}},"114":{"start":{"line":174,"column":22},"end":{"line":174,"column":73}},"115":{"start":{"line":175,"column":2},"end":{"line":177,"column":3}},"116":{"start":{"line":176,"column":4},"end":{"line":176,"column":93}},"117":{"start":{"line":176,"column":52},"end":{"line":176,"column":91}},"118":{"start":{"line":178,"column":2},"end":{"line":180,"column":3}},"119":{"start":{"line":179,"column":4},"end":{"line":179,"column":74}},"120":{"start":{"line":182,"column":2},"end":{"line":185,"column":6}},"121":{"start":{"line":182,"column":42},"end":{"line":185,"column":3}},"122":{"start":{"line":188,"column":38},"end":{"line":207,"column":1}},"123":{"start":{"line":189,"column":22},"end":{"line":189,"column":82}},"124":{"start":{"line":190,"column":2},"end":{"line":190,"column":50}},"125":{"start":{"line":190,"column":33},"end":{"line":190,"column":50}},"126":{"start":{"line":192,"column":18},"end":{"line":192,"column":27}},"127":{"start":{"line":193,"column":2},"end":{"line":206,"column":5}},"128":{"start":{"line":194,"column":15},"end":{"line":194,"column":44}},"129":{"start":{"line":195,"column":4},"end":{"line":197,"column":5}},"130":{"start":{"line":196,"column":6},"end":{"line":196,"column":93}},"131":{"start":{"line":198,"column":4},"end":{"line":198,"column":20}},"132":{"start":{"line":199,"column":4},"end":{"line":205,"column":6}},"133":{"start":{"line":209,"column":31},"end":{"line":218,"column":1}},"134":{"start":{"line":210,"column":2},"end":{"line":210,"column":70}},"135":{"start":{"line":212,"column":2},"end":{"line":217,"column":3}},"136":{"start":{"line":213,"column":4},"end":{"line":216,"column":6}},"137":{"start":{"line":214,"column":33},"end":{"line":214,"column":58}},"138":{"start":{"line":220,"column":0},"end":{"line":229,"column":2}}},"fnMap":{"0":{"name":"(anonymous_0)","decl":{"start":{"line":8,"column":22},"end":{"line":8,"column":23}},"loc":{"start":{"line":8,"column":33},"end":{"line":8,"column":59}},"line":8},"1":{"name":"(anonymous_1)","decl":{"start":{"line":9,"column":25},"end":{"line":9,"column":26}},"loc":{"start":{"line":10,"column":2},"end":{"line":10,"column":113}},"line":10},"2":{"name":"(anonymous_2)","decl":{"start":{"line":13,"column":29},"end":{"line":13,"column":30}},"loc":{"start":{"line":13,"column":46},"end":{"line":70,"column":1}},"line":13},"3":{"name":"(anonymous_3)","decl":{"start":{"line":33,"column":42},"end":{"line":33,"column":43}},"loc":{"start":{"line":33,"column":62},"end":{"line":58,"column":3}},"line":33},"4":{"name":"(anonymous_4)","decl":{"start":{"line":60,"column":44},"end":{"line":60,"column":45}},"loc":{"start":{"line":60,"column":57},"end":{"line":60,"column":74}},"line":60},"5":{"name":"(anonymous_5)","decl":{"start":{"line":61,"column":45},"end":{"line":61,"column":46}},"loc":{"start":{"line":61,"column":58},"end":{"line":61,"column":75}},"line":61},"6":{"name":"(anonymous_6)","decl":{"start":{"line":62,"column":43},"end":{"line":62,"column":44}},"loc":{"start":{"line":62,"column":56},"end":{"line":62,"column":74}},"line":62},"7":{"name":"(anonymous_7)","decl":{"start":{"line":65,"column":44},"end":{"line":65,"column":45}},"loc":{"start":{"line":65,"column":57},"end":{"line":65,"column":75}},"line":65},"8":{"name":"(anonymous_8)","decl":{"start":{"line":72,"column":29},"end":{"line":72,"column":30}},"loc":{"start":{"line":73,"column":2},"end":{"line":73,"column":71}},"line":73},"9":{"name":"(anonymous_9)","decl":{"start":{"line":73,"column":18},"end":{"line":73,"column":19}},"loc":{"start":{"line":73,"column":38},"end":{"line":73,"column":67}},"line":73},"10":{"name":"(anonymous_10)","decl":{"start":{"line":76,"column":30},"end":{"line":76,"column":31}},"loc":{"start":{"line":77,"column":2},"end":{"line":77,"column":50}},"line":77},"11":{"name":"(anonymous_11)","decl":{"start":{"line":80,"column":32},"end":{"line":80,"column":33}},"loc":{"start":{"line":80,"column":75},"end":{"line":93,"column":1}},"line":80},"12":{"name":"(anonymous_12)","decl":{"start":{"line":83,"column":34},"end":{"line":83,"column":35}},"loc":{"start":{"line":83,"column":47},"end":{"line":83,"column":86}},"line":83},"13":{"name":"(anonymous_13)","decl":{"start":{"line":84,"column":35},"end":{"line":84,"column":36}},"loc":{"start":{"line":84,"column":48},"end":{"line":84,"column":87}},"line":84},"14":{"name":"(anonymous_14)","decl":{"start":{"line":85,"column":40},"end":{"line":85,"column":41}},"loc":{"start":{"line":85,"column":53},"end":{"line":90,"column":3}},"line":85},"15":{"name":"(anonymous_15)","decl":{"start":{"line":95,"column":23},"end":{"line":95,"column":24}},"loc":{"start":{"line":95,"column":48},"end":{"line":106,"column":1}},"line":95},"16":{"name":"(anonymous_16)","decl":{"start":{"line":108,"column":31},"end":{"line":108,"column":32}},"loc":{"start":{"line":108,"column":47},"end":{"line":115,"column":1}},"line":108},"17":{"name":"(anonymous_17)","decl":{"start":{"line":117,"column":31},"end":{"line":117,"column":32}},"loc":{"start":{"line":117,"column":57},"end":{"line":151,"column":1}},"line":117},"18":{"name":"(anonymous_18)","decl":{"start":{"line":126,"column":6},"end":{"line":126,"column":7}},"loc":{"start":{"line":126,"column":21},"end":{"line":126,"column":102}},"line":126},"19":{"name":"(anonymous_19)","decl":{"start":{"line":135,"column":6},"end":{"line":135,"column":7}},"loc":{"start":{"line":135,"column":21},"end":{"line":135,"column":101}},"line":135},"20":{"name":"(anonymous_20)","decl":{"start":{"line":141,"column":32},"end":{"line":141,"column":33}},"loc":{"start":{"line":141,"column":47},"end":{"line":141,"column":84}},"line":141},"21":{"name":"(anonymous_21)","decl":{"start":{"line":153,"column":32},"end":{"line":153,"column":33}},"loc":{"start":{"line":153,"column":58},"end":{"line":171,"column":1}},"line":153},"22":{"name":"(anonymous_22)","decl":{"start":{"line":160,"column":49},"end":{"line":160,"column":50}},"loc":{"start":{"line":161,"column":4},"end":{"line":161,"column":52}},"line":161},"23":{"name":"(anonymous_23)","decl":{"start":{"line":166,"column":41},"end":{"line":166,"column":42}},"loc":{"start":{"line":166,"column":55},"end":{"line":166,"column":74}},"line":166},"24":{"name":"(anonymous_24)","decl":{"start":{"line":173,"column":33},"end":{"line":173,"column":34}},"loc":{"start":{"line":173,"column":75},"end":{"line":186,"column":1}},"line":173},"25":{"name":"(anonymous_25)","decl":{"start":{"line":176,"column":46},"end":{"line":176,"column":47}},"loc":{"start":{"line":176,"column":52},"end":{"line":176,"column":91}},"line":176},"26":{"name":"(anonymous_26)","decl":{"start":{"line":182,"column":25},"end":{"line":182,"column":26}},"loc":{"start":{"line":182,"column":42},"end":{"line":185,"column":3}},"line":182},"27":{"name":"(anonymous_27)","decl":{"start":{"line":188,"column":38},"end":{"line":188,"column":39}},"loc":{"start":{"line":188,"column":68},"end":{"line":207,"column":1}},"line":188},"28":{"name":"(anonymous_28)","decl":{"start":{"line":193,"column":25},"end":{"line":193,"column":26}},"loc":{"start":{"line":193,"column":59},"end":{"line":206,"column":3}},"line":193},"29":{"name":"(anonymous_29)","decl":{"start":{"line":209,"column":31},"end":{"line":209,"column":32}},"loc":{"start":{"line":209,"column":95},"end":{"line":218,"column":1}},"line":209},"30":{"name":"(anonymous_30)","decl":{"start":{"line":214,"column":19},"end":{"line":214,"column":20}},"loc":{"start":{"line":214,"column":33},"end":{"line":214,"column":58}},"line":214}},"branchMap":{"0":{"loc":{"start":{"line":8,"column":40},"end":{"line":8,"column":51}},"type":"binary-expr","locations":[{"start":{"line":8,"column":40},"end":{"line":8,"column":45}},{"start":{"line":8,"column":49},"end":{"line":8,"column":51}}],"line":8},"1":{"loc":{"start":{"line":14,"column":2},"end":{"line":14,"column":50}},"type":"if","locations":[{"start":{"line":14,"column":2},"end":{"line":14,"column":50}},{"start":{},"end":{}}],"line":14},"2":{"loc":{"start":{"line":17,"column":2},"end":{"line":23,"column":3}},"type":"if","locations":[{"start":{"line":17,"column":2},"end":{"line":23,"column":3}},{"start":{},"end":{}}],"line":17},"3":{"loc":{"start":{"line":25,"column":2},"end":{"line":27,"column":3}},"type":"if","locations":[{"start":{"line":25,"column":2},"end":{"line":27,"column":3}},{"start":{},"end":{}}],"line":25},"4":{"loc":{"start":{"line":28,"column":2},"end":{"line":30,"column":3}},"type":"if","locations":[{"start":{"line":28,"column":2},"end":{"line":30,"column":3}},{"start":{},"end":{}}],"line":28},"5":{"loc":{"start":{"line":34,"column":22},"end":{"line":34,"column":62}},"type":"binary-expr","locations":[{"start":{"line":34,"column":22},"end":{"line":34,"column":54}},{"start":{"line":34,"column":58},"end":{"line":34,"column":62}}],"line":34},"6":{"loc":{"start":{"line":35,"column":22},"end":{"line":35,"column":62}},"type":"binary-expr","locations":[{"start":{"line":35,"column":22},"end":{"line":35,"column":54}},{"start":{"line":35,"column":58},"end":{"line":35,"column":62}}],"line":35},"7":{"loc":{"start":{"line":36,"column":21},"end":{"line":36,"column":60}},"type":"binary-expr","locations":[{"start":{"line":36,"column":21},"end":{"line":36,"column":52}},{"start":{"line":36,"column":56},"end":{"line":36,"column":60}}],"line":36},"8":{"loc":{"start":{"line":37,"column":33},"end":{"line":37,"column":74}},"type":"binary-expr","locations":[{"start":{"line":37,"column":33},"end":{"line":37,"column":54}},{"start":{"line":37,"column":58},"end":{"line":37,"column":74}}],"line":37},"9":{"loc":{"start":{"line":40,"column":4},"end":{"line":42,"column":5}},"type":"if","locations":[{"start":{"line":40,"column":4},"end":{"line":42,"column":5}},{"start":{},"end":{}}],"line":40},"10":{"loc":{"start":{"line":40,"column":8},"end":{"line":40,"column":32}},"type":"binary-expr","locations":[{"start":{"line":40,"column":8},"end":{"line":40,"column":18}},{"start":{"line":40,"column":22},"end":{"line":40,"column":32}}],"line":40},"11":{"loc":{"start":{"line":43,"column":4},"end":{"line":45,"column":5}},"type":"if","locations":[{"start":{"line":43,"column":4},"end":{"line":45,"column":5}},{"start":{},"end":{}}],"line":43},"12":{"loc":{"start":{"line":43,"column":8},"end":{"line":43,"column":56}},"type":"binary-expr","locations":[{"start":{"line":43,"column":8},"end":{"line":43,"column":30}},{"start":{"line":43,"column":34},"end":{"line":43,"column":56}}],"line":43},"13":{"loc":{"start":{"line":46,"column":4},"end":{"line":48,"column":5}},"type":"if","locations":[{"start":{"line":46,"column":4},"end":{"line":48,"column":5}},{"start":{},"end":{}}],"line":46},"14":{"loc":{"start":{"line":46,"column":8},"end":{"line":46,"column":53}},"type":"binary-expr","locations":[{"start":{"line":46,"column":8},"end":{"line":46,"column":16}},{"start":{"line":46,"column":20},"end":{"line":46,"column":53}}],"line":46},"15":{"loc":{"start":{"line":49,"column":4},"end":{"line":51,"column":5}},"type":"if","locations":[{"start":{"line":49,"column":4},"end":{"line":51,"column":5}},{"start":{},"end":{}}],"line":49},"16":{"loc":{"start":{"line":49,"column":8},"end":{"line":49,"column":61}},"type":"binary-expr","locations":[{"start":{"line":49,"column":8},"end":{"line":49,"column":40}},{"start":{"line":49,"column":44},"end":{"line":49,"column":61}}],"line":49},"17":{"loc":{"start":{"line":52,"column":4},"end":{"line":54,"column":5}},"type":"if","locations":[{"start":{"line":52,"column":4},"end":{"line":54,"column":5}},{"start":{},"end":{}}],"line":52},"18":{"loc":{"start":{"line":62,"column":2},"end":{"line":64,"column":3}},"type":"if","locations":[{"start":{"line":62,"column":2},"end":{"line":64,"column":3}},{"start":{},"end":{}}],"line":62},"19":{"loc":{"start":{"line":62,"column":6},"end":{"line":62,"column":75}},"type":"binary-expr","locations":[{"start":{"line":62,"column":6},"end":{"line":62,"column":15}},{"start":{"line":62,"column":19},"end":{"line":62,"column":75}}],"line":62},"20":{"loc":{"start":{"line":65,"column":2},"end":{"line":67,"column":3}},"type":"if","locations":[{"start":{"line":65,"column":2},"end":{"line":67,"column":3}},{"start":{},"end":{}}],"line":65},"21":{"loc":{"start":{"line":65,"column":6},"end":{"line":65,"column":76}},"type":"binary-expr","locations":[{"start":{"line":65,"column":6},"end":{"line":65,"column":16}},{"start":{"line":65,"column":20},"end":{"line":65,"column":76}}],"line":65},"22":{"loc":{"start":{"line":83,"column":47},"end":{"line":83,"column":86}},"type":"binary-expr","locations":[{"start":{"line":83,"column":47},"end":{"line":83,"column":65}},{"start":{"line":83,"column":69},"end":{"line":83,"column":86}}],"line":83},"23":{"loc":{"start":{"line":84,"column":48},"end":{"line":84,"column":87}},"type":"binary-expr","locations":[{"start":{"line":84,"column":48},"end":{"line":84,"column":66}},{"start":{"line":84,"column":70},"end":{"line":84,"column":87}}],"line":84},"24":{"loc":{"start":{"line":86,"column":38},"end":{"line":86,"column":77}},"type":"binary-expr","locations":[{"start":{"line":86,"column":38},"end":{"line":86,"column":56}},{"start":{"line":86,"column":60},"end":{"line":86,"column":77}}],"line":86},"25":{"loc":{"start":{"line":87,"column":39},"end":{"line":87,"column":78}},"type":"binary-expr","locations":[{"start":{"line":87,"column":39},"end":{"line":87,"column":57}},{"start":{"line":87,"column":61},"end":{"line":87,"column":78}}],"line":87},"26":{"loc":{"start":{"line":88,"column":11},"end":{"line":89,"column":58}},"type":"binary-expr","locations":[{"start":{"line":88,"column":12},"end":{"line":88,"column":22}},{"start":{"line":88,"column":26},"end":{"line":88,"column":56}},{"start":{"line":89,"column":10},"end":{"line":89,"column":21}},{"start":{"line":89,"column":25},"end":{"line":89,"column":57}}],"line":88},"27":{"loc":{"start":{"line":96,"column":2},"end":{"line":96,"column":47}},"type":"if","locations":[{"start":{"line":96,"column":2},"end":{"line":96,"column":47}},{"start":{},"end":{}}],"line":96},"28":{"loc":{"start":{"line":97,"column":2},"end":{"line":97,"column":47}},"type":"if","locations":[{"start":{"line":97,"column":2},"end":{"line":97,"column":47}},{"start":{},"end":{}}],"line":97},"29":{"loc":{"start":{"line":101,"column":4},"end":{"line":101,"column":55}},"type":"if","locations":[{"start":{"line":101,"column":4},"end":{"line":101,"column":55}},{"start":{},"end":{}}],"line":101},"30":{"loc":{"start":{"line":109,"column":2},"end":{"line":109,"column":53}},"type":"if","locations":[{"start":{"line":109,"column":2},"end":{"line":109,"column":53}},{"start":{},"end":{}}],"line":109},"31":{"loc":{"start":{"line":111,"column":2},"end":{"line":113,"column":3}},"type":"if","locations":[{"start":{"line":111,"column":2},"end":{"line":113,"column":3}},{"start":{},"end":{}}],"line":111},"32":{"loc":{"start":{"line":111,"column":6},"end":{"line":111,"column":51}},"type":"binary-expr","locations":[{"start":{"line":111,"column":6},"end":{"line":111,"column":34}},{"start":{"line":111,"column":38},"end":{"line":111,"column":51}}],"line":111},"33":{"loc":{"start":{"line":119,"column":2},"end":{"line":121,"column":3}},"type":"if","locations":[{"start":{"line":119,"column":2},"end":{"line":121,"column":3}},{"start":{},"end":{}}],"line":119},"34":{"loc":{"start":{"line":123,"column":2},"end":{"line":130,"column":3}},"type":"if","locations":[{"start":{"line":123,"column":2},"end":{"line":130,"column":3}},{"start":{},"end":{}}],"line":123},"35":{"loc":{"start":{"line":128,"column":4},"end":{"line":128,"column":102}},"type":"if","locations":[{"start":{"line":128,"column":4},"end":{"line":128,"column":102}},{"start":{},"end":{}}],"line":128},"36":{"loc":{"start":{"line":132,"column":2},"end":{"line":139,"column":3}},"type":"if","locations":[{"start":{"line":132,"column":2},"end":{"line":139,"column":3}},{"start":{},"end":{}}],"line":132},"37":{"loc":{"start":{"line":137,"column":4},"end":{"line":137,"column":100}},"type":"if","locations":[{"start":{"line":137,"column":4},"end":{"line":137,"column":100}},{"start":{},"end":{}}],"line":137},"38":{"loc":{"start":{"line":142,"column":2},"end":{"line":144,"column":3}},"type":"if","locations":[{"start":{"line":142,"column":2},"end":{"line":144,"column":3}},{"start":{},"end":{}}],"line":142},"39":{"loc":{"start":{"line":154,"column":24},"end":{"line":158,"column":10}},"type":"cond-expr","locations":[{"start":{"line":155,"column":6},"end":{"line":155,"column":28}},{"start":{"line":156,"column":6},"end":{"line":158,"column":10}}],"line":154},"40":{"loc":{"start":{"line":156,"column":6},"end":{"line":158,"column":10}},"type":"cond-expr","locations":[{"start":{"line":157,"column":8},"end":{"line":157,"column":31}},{"start":{"line":158,"column":8},"end":{"line":158,"column":10}}],"line":156},"41":{"loc":{"start":{"line":163,"column":27},"end":{"line":163,"column":91}},"type":"cond-expr","locations":[{"start":{"line":163,"column":62},"end":{"line":163,"column":84}},{"start":{"line":163,"column":87},"end":{"line":163,"column":91}}],"line":163},"42":{"loc":{"start":{"line":167,"column":16},"end":{"line":167,"column":52}},"type":"binary-expr","locations":[{"start":{"line":167,"column":16},"end":{"line":167,"column":44}},{"start":{"line":167,"column":48},"end":{"line":167,"column":52}}],"line":167},"43":{"loc":{"start":{"line":168,"column":15},"end":{"line":168,"column":50}},"type":"binary-expr","locations":[{"start":{"line":168,"column":15},"end":{"line":168,"column":42}},{"start":{"line":168,"column":46},"end":{"line":168,"column":50}}],"line":168},"44":{"loc":{"start":{"line":169,"column":15},"end":{"line":169,"column":50}},"type":"binary-expr","locations":[{"start":{"line":169,"column":15},"end":{"line":169,"column":42}},{"start":{"line":169,"column":46},"end":{"line":169,"column":50}}],"line":169},"45":{"loc":{"start":{"line":175,"column":2},"end":{"line":177,"column":3}},"type":"if","locations":[{"start":{"line":175,"column":2},"end":{"line":177,"column":3}},{"start":{},"end":{}}],"line":175},"46":{"loc":{"start":{"line":178,"column":2},"end":{"line":180,"column":3}},"type":"if","locations":[{"start":{"line":178,"column":2},"end":{"line":180,"column":3}},{"start":{},"end":{}}],"line":178},"47":{"loc":{"start":{"line":190,"column":2},"end":{"line":190,"column":50}},"type":"if","locations":[{"start":{"line":190,"column":2},"end":{"line":190,"column":50}},{"start":{},"end":{}}],"line":190},"48":{"loc":{"start":{"line":195,"column":4},"end":{"line":197,"column":5}},"type":"if","locations":[{"start":{"line":195,"column":4},"end":{"line":197,"column":5}},{"start":{},"end":{}}],"line":195},"49":{"loc":{"start":{"line":195,"column":8},"end":{"line":195,"column":30}},"type":"binary-expr","locations":[{"start":{"line":195,"column":8},"end":{"line":195,"column":11}},{"start":{"line":195,"column":15},"end":{"line":195,"column":30}}],"line":195},"50":{"loc":{"start":{"line":201,"column":17},"end":{"line":203,"column":54}},"type":"cond-expr","locations":[{"start":{"line":202,"column":10},"end":{"line":202,"column":26}},{"start":{"line":203,"column":10},"end":{"line":203,"column":54}}],"line":201},"51":{"loc":{"start":{"line":212,"column":2},"end":{"line":217,"column":3}},"type":"if","locations":[{"start":{"line":212,"column":2},"end":{"line":217,"column":3}},{"start":{},"end":{}}],"line":212}},"s":{"0":1,"1":1,"2":137,"3":1,"4":20,"5":1,"6":11,"7":0,"8":11,"9":11,"10":0,"11":0,"12":0,"13":11,"14":0,"15":11,"16":0,"17":11,"18":11,"19":19,"20":19,"21":19,"22":19,"23":19,"24":19,"25":0,"26":19,"27":0,"28":19,"29":1,"30":18,"31":1,"32":17,"33":1,"34":16,"35":16,"36":8,"37":8,"38":8,"39":8,"40":8,"41":13,"42":1,"43":7,"44":13,"45":1,"46":6,"47":1,"48":1,"49":2,"50":1,"51":5,"52":1,"53":2,"54":2,"55":2,"56":2,"57":2,"58":2,"59":2,"60":4,"61":4,"62":4,"63":2,"64":1,"65":9,"66":1,"67":8,"68":0,"69":8,"70":8,"71":8,"72":0,"73":8,"74":0,"75":1,"76":7,"77":4,"78":3,"79":3,"80":1,"81":2,"82":1,"83":10,"84":10,"85":0,"86":10,"87":4,"88":4,"89":4,"90":4,"91":1,"92":3,"93":6,"94":1,"95":1,"96":1,"97":1,"98":0,"99":1,"100":5,"101":11,"102":5,"103":0,"104":5,"105":1,"106":11,"107":11,"108":11,"109":10,"110":10,"111":10,"112":9,"113":1,"114":7,"115":7,"116":1,"117":2,"118":6,"119":1,"120":5,"121":7,"122":1,"123":2,"124":2,"125":0,"126":2,"127":2,"128":3,"129":3,"130":1,"131":2,"132":2,"133":1,"134":0,"135":0,"136":0,"137":0,"138":1},"f":{"0":137,"1":20,"2":11,"3":19,"4":8,"5":8,"6":13,"7":13,"8":1,"9":2,"10":5,"11":2,"12":2,"13":2,"14":4,"15":9,"16":7,"17":10,"18":4,"19":1,"20":11,"21":11,"22":10,"23":9,"24":7,"25":2,"26":7,"27":2,"28":3,"29":0,"30":0},"b":{"0":[137,20],"1":[0,11],"2":[0,11],"3":[0,11],"4":[0,11],"5":[19,4],"6":[19,2],"7":[19,8],"8":[19,0],"9":[0,19],"10":[19,4],"11":[0,19],"12":[19,19],"13":[1,18],"14":[19,11],"15":[1,17],"16":[18,18],"17":[1,16],"18":[1,7],"19":[8,6],"20":[1,6],"21":[7,7],"22":[2,0],"23":[2,0],"24":[4,0],"25":[4,0],"26":[4,4,1,1],"27":[1,8],"28":[0,8],"29":[0,8],"30":[4,3],"31":[1,2],"32":[3,3],"33":[0,10],"34":[4,6],"35":[1,3],"36":[1,5],"37":[0,1],"38":[0,5],"39":[1,10],"40":[6,4],"41":[5,5],"42":[10,5],"43":[10,8],"44":[10,6],"45":[1,6],"46":[1,5],"47":[0,2],"48":[1,2],"49":[3,3],"50":[1,1],"51":[0,0]},"_coverageSchema":"1a1c01bbd47fc00a2c39e90264f33305004495a9","hash":"fdcd1cfea93aff8d91d7a88df5c879d07c4e7fed"}
}
