TN:
SF:services\manufacturerOrderEmailService.js
FN:10,(anonymous_0)
FN:17,(anonymous_1)
FN:22,(anonymous_2)
FN:70,(anonymous_3)
FN:70,(anonymous_4)
FN:83,(anonymous_5)
FN:89,(anonymous_6)
FN:90,(anonymous_7)
FNF:8
FNH:8
FNDA:28,(anonymous_0)
FNDA:12,(anonymous_1)
FNDA:2,(anonymous_2)
FNDA:4,(anonymous_3)
FNDA:4,(anonymous_4)
FNDA:2,(anonymous_5)
FNDA:4,(anonymous_6)
FNDA:4,(anonymous_7)
DA:1,1
DA:2,1
DA:4,1
DA:10,28
DA:17,12
DA:22,1
DA:23,2
DA:29,2
DA:31,2
DA:52,2
DA:53,2
DA:54,4
DA:55,4
DA:64,4
DA:67,2
DA:70,4
DA:71,4
DA:72,4
DA:83,1
DA:84,2
DA:85,2
DA:87,2
DA:88,4
DA:89,4
DA:90,4
DA:91,4
DA:93,4
DA:94,4
DA:117,3
DA:119,1
DA:120,1
DA:124,2
DA:127,1
LF:33
LH:33
BRDA:5,0,0,1
BRDA:5,0,1,1
BRDA:5,0,2,1
BRDA:7,1,0,0
BRDA:7,1,1,1
BRDA:10,2,0,28
BRDA:10,2,1,0
BRDA:17,3,0,12
BRDA:17,3,1,0
BRDA:29,4,0,0
BRDA:29,4,1,2
BRDA:54,5,0,4
BRDA:54,5,1,0
BRDA:75,6,0,4
BRDA:75,6,1,0
BRDA:76,7,0,4
BRDA:76,7,1,0
BRDA:88,8,0,0
BRDA:88,8,1,4
BRDA:89,9,0,4
BRDA:89,9,1,0
BRDA:90,10,0,4
BRDA:90,10,1,0
BRDA:104,11,0,4
BRDA:104,11,1,0
BRF:25
BRH:14
end_of_record
TN:
SF:services\orderEmailService.js
FN:12,(anonymous_0)
FN:19,(anonymous_1)
FN:32,(anonymous_2)
FN:37,(anonymous_3)
FN:46,(anonymous_4)
FN:56,(anonymous_5)
FN:144,(anonymous_6)
FN:188,(anonymous_7)
FN:188,(anonymous_8)
FN:200,(anonymous_9)
FN:208,(anonymous_10)
FN:277,(anonymous_11)
FN:279,(anonymous_12)
FN:312,(anonymous_13)
FNF:14
FNH:14
FNDA:186,(anonymous_0)
FNDA:11,(anonymous_1)
FNDA:40,(anonymous_2)
FNDA:20,(anonymous_3)
FNDA:20,(anonymous_4)
FNDA:10,(anonymous_5)
FNDA:11,(anonymous_6)
FNDA:10,(anonymous_7)
FNDA:10,(anonymous_8)
FNDA:10,(anonymous_9)
FNDA:10,(anonymous_10)
FNDA:10,(anonymous_11)
FNDA:10,(anonymous_12)
FNDA:11,(anonymous_13)
DA:1,1
DA:2,1
DA:4,1
DA:7,1
DA:10,1
DA:12,186
DA:19,1
DA:20,11
DA:21,11
DA:22,11
DA:24,11
DA:25,11
DA:27,0
DA:28,0
DA:32,40
DA:37,1
DA:38,20
DA:39,20
DA:46,1
DA:47,20
DA:53,20
DA:56,1
DA:57,10
DA:58,10
DA:59,10
DA:60,10
DA:61,10
DA:62,10
DA:63,10
DA:64,10
DA:65,10
DA:66,10
DA:68,10
DA:141,10
DA:144,1
DA:145,11
DA:162,11
DA:164,11
DA:175,11
DA:177,11
DA:188,10
DA:200,10
DA:208,1
DA:209,10
DA:210,10
DA:211,10
DA:213,10
DA:277,1
DA:278,10
DA:279,10
DA:280,10
DA:282,10
DA:290,10
DA:312,1
DA:313,11
DA:314,11
DA:315,11
DA:316,0
DA:317,0
DA:320,11
DA:321,1
DA:322,1
DA:325,10
DA:326,10
DA:327,0
DA:328,0
DA:331,10
DA:338,9
DA:339,9
DA:341,1
DA:342,1
DA:346,1
LF:72
LH:66
BRDA:4,0,0,0
BRDA:4,0,1,1
BRDA:8,1,0,1
BRDA:8,1,1,1
BRDA:8,1,2,1
BRDA:12,2,0,186
BRDA:12,2,1,0
BRDA:20,3,0,0
BRDA:20,3,1,11
BRDA:21,4,0,0
BRDA:21,4,1,11
BRDA:22,5,0,0
BRDA:22,5,1,11
BRDA:32,6,0,40
BRDA:32,6,1,0
BRDA:38,7,0,20
BRDA:38,7,1,0
BRDA:53,8,0,20
BRDA:53,8,1,0
BRDA:53,8,2,0
BRDA:59,9,0,10
BRDA:59,9,1,9
BRDA:60,10,0,10
BRDA:60,10,1,9
BRDA:61,11,0,10
BRDA:61,11,1,4
BRDA:62,12,0,10
BRDA:62,12,1,4
BRDA:63,13,0,6
BRDA:63,13,1,4
BRDA:64,14,0,6
BRDA:64,14,1,4
BRDA:65,15,0,6
BRDA:65,15,1,4
BRDA:66,16,0,6
BRDA:66,16,1,4
BRDA:89,17,0,1
BRDA:89,17,1,9
BRDA:92,18,0,1
BRDA:92,18,1,9
BRDA:110,19,0,0
BRDA:110,19,1,10
BRDA:162,20,0,0
BRDA:162,20,1,11
BRDA:181,21,0,11
BRDA:181,21,1,2
BRDA:181,21,2,1
BRDA:183,22,0,11
BRDA:183,22,1,0
BRDA:183,22,2,0
BRDA:183,22,3,0
BRDA:192,23,0,10
BRDA:192,23,1,0
BRDA:193,24,0,0
BRDA:193,24,1,10
BRDA:193,25,0,10
BRDA:193,25,1,10
BRDA:201,26,0,10
BRDA:201,26,1,0
BRDA:256,27,0,10
BRDA:256,27,1,0
BRDA:260,28,0,10
BRDA:260,28,1,0
BRDA:280,29,0,0
BRDA:280,29,1,10
BRDA:280,30,0,10
BRDA:280,30,1,10
BRDA:283,31,0,10
BRDA:283,31,1,0
BRDA:303,32,0,10
BRDA:303,32,1,0
BRDA:304,33,0,10
BRDA:304,33,1,0
BRDA:312,34,0,4
BRDA:315,35,0,0
BRDA:315,35,1,11
BRDA:320,36,0,1
BRDA:320,36,1,10
BRDA:326,37,0,0
BRDA:326,37,1,10
BRF:80
BRH:55
end_of_record
TN:
SF:services\orderLifecycleNotificationService.js
FN:27,(anonymous_0)
FN:38,(anonymous_1)
FN:62,(anonymous_2)
FN:66,(anonymous_3)
FN:67,(anonymous_4)
FN:68,(anonymous_5)
FN:84,(anonymous_6)
FN:99,(anonymous_7)
FN:110,(anonymous_8)
FNF:9
FNH:8
FNDA:3,(anonymous_0)
FNDA:3,(anonymous_1)
FNDA:3,(anonymous_2)
FNDA:2,(anonymous_3)
FNDA:3,(anonymous_4)
FNDA:3,(anonymous_5)
FNDA:0,(anonymous_6)
FNDA:3,(anonymous_7)
FNDA:10,(anonymous_8)
DA:1,1
DA:2,1
DA:3,1
DA:7,1
DA:9,1
DA:20,1
DA:27,1
DA:28,3
DA:35,3
DA:38,1
DA:39,3
DA:40,3
DA:41,3
DA:42,3
DA:44,3
DA:45,3
DA:46,3
DA:47,3
DA:62,1
DA:63,3
DA:65,3
DA:66,1
DA:67,3
DA:68,3
DA:69,2
DA:79,2
DA:80,2
DA:81,0
DA:82,0
DA:83,0
DA:84,0
DA:99,1
DA:100,3
DA:105,3
DA:106,1
DA:109,3
DA:110,3
DA:111,10
DA:112,1
DA:115,3
DA:118,1
LF:41
LH:37
BRDA:40,0,0,0
BRDA:40,0,1,3
BRDA:42,1,0,0
BRDA:42,1,1,3
BRDA:45,2,0,1
BRDA:45,2,1,2
BRDA:46,3,0,0
BRDA:46,3,1,3
BRDA:65,4,0,1
BRDA:65,4,1,2
BRDA:67,5,0,3
BRDA:67,5,1,0
BRDA:68,6,0,3
BRDA:68,6,1,0
BRDA:80,7,0,2
BRDA:80,7,1,0
BRDA:82,8,0,0
BRDA:82,8,1,0
BRDA:83,9,0,0
BRDA:83,9,1,0
BRDA:99,10,0,2
BRDA:105,11,0,1
BRDA:105,11,1,2
BRDA:111,12,0,1
BRDA:111,12,1,9
BRDA:112,13,0,1
BRDA:112,13,1,0
BRF:27
BRH:16
end_of_record
TN:
SF:utils\productVariants.js
FN:8,(anonymous_0)
FN:9,(anonymous_1)
FN:13,(anonymous_2)
FN:33,(anonymous_3)
FN:60,(anonymous_4)
FN:61,(anonymous_5)
FN:62,(anonymous_6)
FN:65,(anonymous_7)
FN:72,(anonymous_8)
FN:73,(anonymous_9)
FN:76,(anonymous_10)
FN:80,(anonymous_11)
FN:83,(anonymous_12)
FN:84,(anonymous_13)
FN:85,(anonymous_14)
FN:95,(anonymous_15)
FN:108,(anonymous_16)
FN:117,(anonymous_17)
FN:126,(anonymous_18)
FN:135,(anonymous_19)
FN:141,(anonymous_20)
FN:153,(anonymous_21)
FN:160,(anonymous_22)
FN:166,(anonymous_23)
FN:173,(anonymous_24)
FN:176,(anonymous_25)
FN:182,(anonymous_26)
FN:188,(anonymous_27)
FN:193,(anonymous_28)
FN:209,(anonymous_29)
FN:214,(anonymous_30)
FNF:31
FNH:29
FNDA:137,(anonymous_0)
FNDA:20,(anonymous_1)
FNDA:11,(anonymous_2)
FNDA:19,(anonymous_3)
FNDA:8,(anonymous_4)
FNDA:8,(anonymous_5)
FNDA:13,(anonymous_6)
FNDA:13,(anonymous_7)
FNDA:1,(anonymous_8)
FNDA:2,(anonymous_9)
FNDA:5,(anonymous_10)
FNDA:2,(anonymous_11)
FNDA:2,(anonymous_12)
FNDA:2,(anonymous_13)
FNDA:4,(anonymous_14)
FNDA:9,(anonymous_15)
FNDA:7,(anonymous_16)
FNDA:10,(anonymous_17)
FNDA:4,(anonymous_18)
FNDA:1,(anonymous_19)
FNDA:11,(anonymous_20)
FNDA:11,(anonymous_21)
FNDA:10,(anonymous_22)
FNDA:9,(anonymous_23)
FNDA:7,(anonymous_24)
FNDA:2,(anonymous_25)
FNDA:7,(anonymous_26)
FNDA:2,(anonymous_27)
FNDA:3,(anonymous_28)
FNDA:0,(anonymous_29)
FNDA:0,(anonymous_30)
DA:1,1
DA:8,137
DA:9,1
DA:10,20
DA:13,1
DA:14,11
DA:16,11
DA:17,11
DA:18,0
DA:19,0
DA:21,0
DA:25,11
DA:26,0
DA:28,11
DA:29,0
DA:32,11
DA:33,11
DA:34,19
DA:35,19
DA:36,19
DA:37,19
DA:38,19
DA:40,19
DA:41,0
DA:43,19
DA:44,0
DA:46,19
DA:47,1
DA:49,18
DA:50,1
DA:52,17
DA:53,1
DA:56,16
DA:57,16
DA:60,8
DA:61,8
DA:62,13
DA:63,1
DA:65,13
DA:66,1
DA:69,6
DA:72,1
DA:73,2
DA:76,1
DA:77,5
DA:80,1
DA:81,2
DA:82,2
DA:83,2
DA:84,2
DA:85,2
DA:86,4
DA:87,4
DA:88,4
DA:92,2
DA:95,1
DA:96,9
DA:97,8
DA:99,8
DA:100,8
DA:101,8
DA:102,8
DA:104,0
DA:108,1
DA:109,7
DA:110,3
DA:111,3
DA:112,1
DA:114,2
DA:117,1
DA:118,10
DA:119,10
DA:120,0
DA:123,10
DA:124,4
DA:125,4
DA:126,4
DA:128,4
DA:129,3
DA:132,6
DA:133,1
DA:134,1
DA:135,1
DA:137,1
DA:138,1
DA:141,11
DA:142,5
DA:143,0
DA:146,5
DA:153,1
DA:154,11
DA:159,11
DA:160,11
DA:161,10
DA:163,10
DA:165,10
DA:166,9
DA:173,1
DA:174,7
DA:175,7
DA:176,2
DA:178,6
DA:179,1
DA:182,7
DA:188,1
DA:189,2
DA:190,2
DA:192,2
DA:193,2
DA:194,3
DA:195,3
DA:196,1
DA:198,2
DA:199,2
DA:209,1
DA:210,0
DA:212,0
DA:213,0
DA:214,0
DA:220,1
LF:120
LH:106
BRDA:8,0,0,137
BRDA:8,0,1,20
BRDA:14,1,0,0
BRDA:14,1,1,11
BRDA:17,2,0,0
BRDA:17,2,1,11
BRDA:25,3,0,0
BRDA:25,3,1,11
BRDA:28,4,0,0
BRDA:28,4,1,11
BRDA:34,5,0,19
BRDA:34,5,1,4
BRDA:35,6,0,19
BRDA:35,6,1,2
BRDA:36,7,0,19
BRDA:36,7,1,8
BRDA:37,8,0,19
BRDA:37,8,1,0
BRDA:40,9,0,0
BRDA:40,9,1,19
BRDA:40,10,0,19
BRDA:40,10,1,4
BRDA:43,11,0,0
BRDA:43,11,1,19
BRDA:43,12,0,19
BRDA:43,12,1,19
BRDA:46,13,0,1
BRDA:46,13,1,18
BRDA:46,14,0,19
BRDA:46,14,1,11
BRDA:49,15,0,1
BRDA:49,15,1,17
BRDA:49,16,0,18
BRDA:49,16,1,18
BRDA:52,17,0,1
BRDA:52,17,1,16
BRDA:62,18,0,1
BRDA:62,18,1,7
BRDA:62,19,0,8
BRDA:62,19,1,6
BRDA:65,20,0,1
BRDA:65,20,1,6
BRDA:65,21,0,7
BRDA:65,21,1,7
BRDA:83,22,0,2
BRDA:83,22,1,0
BRDA:84,23,0,2
BRDA:84,23,1,0
BRDA:86,24,0,4
BRDA:86,24,1,0
BRDA:87,25,0,4
BRDA:87,25,1,0
BRDA:88,26,0,4
BRDA:88,26,1,4
BRDA:88,26,2,1
BRDA:88,26,3,1
BRDA:96,27,0,1
BRDA:96,27,1,8
BRDA:97,28,0,0
BRDA:97,28,1,8
BRDA:101,29,0,0
BRDA:101,29,1,8
BRDA:109,30,0,4
BRDA:109,30,1,3
BRDA:111,31,0,1
BRDA:111,31,1,2
BRDA:111,32,0,3
BRDA:111,32,1,3
BRDA:119,33,0,0
BRDA:119,33,1,10
BRDA:123,34,0,4
BRDA:123,34,1,6
BRDA:128,35,0,1
BRDA:128,35,1,3
BRDA:132,36,0,1
BRDA:132,36,1,5
BRDA:137,37,0,0
BRDA:137,37,1,1
BRDA:142,38,0,0
BRDA:142,38,1,5
BRDA:154,39,0,1
BRDA:154,39,1,10
BRDA:156,40,0,6
BRDA:156,40,1,4
BRDA:163,41,0,5
BRDA:163,41,1,5
BRDA:167,42,0,10
BRDA:167,42,1,5
BRDA:168,43,0,10
BRDA:168,43,1,8
BRDA:169,44,0,10
BRDA:169,44,1,6
BRDA:175,45,0,1
BRDA:175,45,1,6
BRDA:178,46,0,1
BRDA:178,46,1,5
BRDA:190,47,0,0
BRDA:190,47,1,2
BRDA:195,48,0,1
BRDA:195,48,1,2
BRDA:195,49,0,3
BRDA:195,49,1,3
BRDA:201,50,0,1
BRDA:201,50,1,1
BRDA:212,51,0,0
BRDA:212,51,1,0
BRF:106
BRH:87
end_of_record
